<html>
<head>
<title>TestNG:  Surefire test</title>
<link href="../testng.css" rel="stylesheet" type="text/css" />
<link href="../my-testng.css" rel="stylesheet" type="text/css" />

<style type="text/css">
.log { display: none;} 
.stack-trace { display: none;} 
</style>
<script type="text/javascript">
<!--
function flip(e) {
  current = e.style.display;
  if (current == 'block') {
    e.style.display = 'none';
    return 0;
  }
  else {
    e.style.display = 'block';
    return 1;
  }
}

function toggleBox(szDivId, elem, msg1, msg2)
{
  var res = -1;  if (document.getElementById) {
    res = flip(document.getElementById(szDivId));
  }
  else if (document.all) {
    // this is the way old msie versions work
    res = flip(document.all[szDivId]);
  }
  if(elem) {
    if(res == 0) elem.innerHTML = msg1; else elem.innerHTML = msg2;
  }

}

function toggleAllBoxes() {
  if (document.getElementsByTagName) {
    d = document.getElementsByTagName('div');
    for (i = 0; i < d.length; i++) {
      if (d[i].className == 'log') {
        flip(d[i]);
      }
    }
  }
}

// -->
</script>

</head>
<body>
<h2 align='center'>Surefire test</h2><table border='1' align="center">
<tr>
<td>Tests passed/Failed/Skipped:</td><td>6/2/0</td>
</tr><tr>
<td>Started on:</td><td>Sun Sep 19 15:24:32 BST 2021</td>
</tr>
<tr><td>Total time:</td><td>4 seconds (4182 ms)</td>
</tr><tr>
<td>Included groups:</td><td></td>
</tr><tr>
<td>Excluded groups:</td><td></td>
</tr>
</table><p/>
<small><i>(Hover the method name to see the test class name)</i></small><p/>
<table width='100%' border='1' class='invocation-failed'>
<tr><td colspan='4' align='center'><b>FAILED TESTS</b></td></tr>
<tr><td><b>Test method</b></td>
<td width="30%"><b>Exception</b></td>
<td width="10%"><b>Time (seconds)</b></td>
<td><b>Instance</b></td>
</tr>
<tr>
<td title='com.org.testapi.TestForSampleAPI.validateUserPostsCommentsExceptionScenarioForNonExistUserId()'><b>validateUserPostsCommentsExceptionScenarioForNonExistUserId</b><br>Test class: com.org.testapi.TestForSampleAPI<br>Test method: To Check Exception Cases</td>
<td><div><pre>java.lang.AssertionError: MisMatch HTTPS Status code &gt;&gt; GET Posts/1456/comments expected [404] but found [200]
	at com.org.testapi.TestForSampleAPI.validateUserPostsCommentsExceptionScenarioForNonExistUserId(TestForSampleAPI.java:116)
	at java.base/java.util.ArrayList.forEach(ArrayList.java:1541)
... Removed 38 stack frames</pre></div><a href='#' onClick='toggleBox("stack-trace1780885888", this, "Click to show all stack frames", "Click to hide stack frames")'>Click to show all stack frames</a>
<div class='stack-trace' id='stack-trace1780885888'><pre>java.lang.AssertionError: MisMatch HTTPS Status code &gt;&gt; GET Posts/1456/comments expected [404] but found [200]
	at org.testng.Assert.fail(Assert.java:99)
	at org.testng.Assert.failNotEquals(Assert.java:1037)
	at org.testng.Assert.assertEqualsImpl(Assert.java:140)
	at org.testng.Assert.assertEquals(Assert.java:122)
	at org.testng.Assert.assertEquals(Assert.java:629)
	at com.org.testapi.TestForSampleAPI.validateUserPostsCommentsExceptionScenarioForNonExistUserId(TestForSampleAPI.java:116)
	at java.base/jdk.internal.reflect.NativeMethodAccessorImpl.invoke0(Native Method)
	at java.base/jdk.internal.reflect.NativeMethodAccessorImpl.invoke(NativeMethodAccessorImpl.java:62)
	at java.base/jdk.internal.reflect.DelegatingMethodAccessorImpl.invoke(DelegatingMethodAccessorImpl.java:43)
	at java.base/java.lang.reflect.Method.invoke(Method.java:566)
	at org.testng.internal.MethodInvocationHelper.invokeMethod(MethodInvocationHelper.java:133)
	at org.testng.internal.TestInvoker.invokeMethod(TestInvoker.java:598)
	at org.testng.internal.TestInvoker.invokeTestMethod(TestInvoker.java:173)
	at org.testng.internal.MethodRunner.runInSequence(MethodRunner.java:46)
	at org.testng.internal.TestInvoker$MethodInvocationAgent.invoke(TestInvoker.java:824)
	at org.testng.internal.TestInvoker.invokeTestMethods(TestInvoker.java:146)
	at org.testng.internal.TestMethodWorker.invokeTestMethods(TestMethodWorker.java:146)
	at org.testng.internal.TestMethodWorker.run(TestMethodWorker.java:128)
	at java.base/java.util.ArrayList.forEach(ArrayList.java:1541)
	at org.testng.TestRunner.privateRun(TestRunner.java:794)
	at org.testng.TestRunner.run(TestRunner.java:596)
	at org.testng.SuiteRunner.runTest(SuiteRunner.java:377)
	at org.testng.SuiteRunner.runSequentially(SuiteRunner.java:371)
	at org.testng.SuiteRunner.privateRun(SuiteRunner.java:332)
	at org.testng.SuiteRunner.run(SuiteRunner.java:276)
	at org.testng.SuiteRunnerWorker.runSuite(SuiteRunnerWorker.java:53)
	at org.testng.SuiteRunnerWorker.run(SuiteRunnerWorker.java:96)
	at org.testng.TestNG.runSuitesSequentially(TestNG.java:1212)
	at org.testng.TestNG.runSuitesLocally(TestNG.java:1134)
	at org.testng.TestNG.runSuites(TestNG.java:1063)
	at org.testng.TestNG.run(TestNG.java:1031)
	at org.apache.maven.surefire.testng.TestNGExecutor.run(TestNGExecutor.java:135)
	at org.apache.maven.surefire.testng.TestNGDirectoryTestSuite.executeSingleClass(TestNGDirectoryTestSuite.java:112)
	at org.apache.maven.surefire.testng.TestNGDirectoryTestSuite.executeLazy(TestNGDirectoryTestSuite.java:123)
	at org.apache.maven.surefire.testng.TestNGDirectoryTestSuite.execute(TestNGDirectoryTestSuite.java:90)
	at org.apache.maven.surefire.testng.TestNGProvider.invoke(TestNGProvider.java:146)
	at org.apache.maven.surefire.booter.ForkedBooter.invokeProviderInSameClassLoader(ForkedBooter.java:384)
	at org.apache.maven.surefire.booter.ForkedBooter.runSuitesInProcess(ForkedBooter.java:345)
	at org.apache.maven.surefire.booter.ForkedBooter.execute(ForkedBooter.java:126)
	at org.apache.maven.surefire.booter.ForkedBooter.main(ForkedBooter.java:418)
</pre></div></td>
<td>0</td>
<td>com.org.testapi.TestForSampleAPI@5972d253</td></tr>
<tr>
<td title='com.org.testapi.TestForSampleAPI.validateCommentsExceptionsScenarioForNonExistPostIdAsQueryParameter()'><b>validateCommentsExceptionsScenarioForNonExistPostIdAsQueryParameter</b><br>Test class: com.org.testapi.TestForSampleAPI<br>Test method: To Check the Comments Endpoint by passing wrong query parameter values </td>
<td><div><pre>java.lang.AssertionError: MisMatch HTTPS Status code &gt;&gt; GET /Comments?postId=1 expected [404] but found [200]
	at com.org.testapi.TestForSampleAPI.validateCommentsExceptionsScenarioForNonExistPostIdAsQueryParameter(TestForSampleAPI.java:172)
	at java.base/java.util.ArrayList.forEach(ArrayList.java:1541)
... Removed 38 stack frames</pre></div><a href='#' onClick='toggleBox("stack-trace88764150", this, "Click to show all stack frames", "Click to hide stack frames")'>Click to show all stack frames</a>
<div class='stack-trace' id='stack-trace88764150'><pre>java.lang.AssertionError: MisMatch HTTPS Status code &gt;&gt; GET /Comments?postId=1 expected [404] but found [200]
	at org.testng.Assert.fail(Assert.java:99)
	at org.testng.Assert.failNotEquals(Assert.java:1037)
	at org.testng.Assert.assertEqualsImpl(Assert.java:140)
	at org.testng.Assert.assertEquals(Assert.java:122)
	at org.testng.Assert.assertEquals(Assert.java:629)
	at com.org.testapi.TestForSampleAPI.validateCommentsExceptionsScenarioForNonExistPostIdAsQueryParameter(TestForSampleAPI.java:172)
	at java.base/jdk.internal.reflect.NativeMethodAccessorImpl.invoke0(Native Method)
	at java.base/jdk.internal.reflect.NativeMethodAccessorImpl.invoke(NativeMethodAccessorImpl.java:62)
	at java.base/jdk.internal.reflect.DelegatingMethodAccessorImpl.invoke(DelegatingMethodAccessorImpl.java:43)
	at java.base/java.lang.reflect.Method.invoke(Method.java:566)
	at org.testng.internal.MethodInvocationHelper.invokeMethod(MethodInvocationHelper.java:133)
	at org.testng.internal.TestInvoker.invokeMethod(TestInvoker.java:598)
	at org.testng.internal.TestInvoker.invokeTestMethod(TestInvoker.java:173)
	at org.testng.internal.MethodRunner.runInSequence(MethodRunner.java:46)
	at org.testng.internal.TestInvoker$MethodInvocationAgent.invoke(TestInvoker.java:824)
	at org.testng.internal.TestInvoker.invokeTestMethods(TestInvoker.java:146)
	at org.testng.internal.TestMethodWorker.invokeTestMethods(TestMethodWorker.java:146)
	at org.testng.internal.TestMethodWorker.run(TestMethodWorker.java:128)
	at java.base/java.util.ArrayList.forEach(ArrayList.java:1541)
	at org.testng.TestRunner.privateRun(TestRunner.java:794)
	at org.testng.TestRunner.run(TestRunner.java:596)
	at org.testng.SuiteRunner.runTest(SuiteRunner.java:377)
	at org.testng.SuiteRunner.runSequentially(SuiteRunner.java:371)
	at org.testng.SuiteRunner.privateRun(SuiteRunner.java:332)
	at org.testng.SuiteRunner.run(SuiteRunner.java:276)
	at org.testng.SuiteRunnerWorker.runSuite(SuiteRunnerWorker.java:53)
	at org.testng.SuiteRunnerWorker.run(SuiteRunnerWorker.java:96)
	at org.testng.TestNG.runSuitesSequentially(TestNG.java:1212)
	at org.testng.TestNG.runSuitesLocally(TestNG.java:1134)
	at org.testng.TestNG.runSuites(TestNG.java:1063)
	at org.testng.TestNG.run(TestNG.java:1031)
	at org.apache.maven.surefire.testng.TestNGExecutor.run(TestNGExecutor.java:135)
	at org.apache.maven.surefire.testng.TestNGDirectoryTestSuite.executeSingleClass(TestNGDirectoryTestSuite.java:112)
	at org.apache.maven.surefire.testng.TestNGDirectoryTestSuite.executeLazy(TestNGDirectoryTestSuite.java:123)
	at org.apache.maven.surefire.testng.TestNGDirectoryTestSuite.execute(TestNGDirectoryTestSuite.java:90)
	at org.apache.maven.surefire.testng.TestNGProvider.invoke(TestNGProvider.java:146)
	at org.apache.maven.surefire.booter.ForkedBooter.invokeProviderInSameClassLoader(ForkedBooter.java:384)
	at org.apache.maven.surefire.booter.ForkedBooter.runSuitesInProcess(ForkedBooter.java:345)
	at org.apache.maven.surefire.booter.ForkedBooter.execute(ForkedBooter.java:126)
	at org.apache.maven.surefire.booter.ForkedBooter.main(ForkedBooter.java:418)
</pre></div></td>
<td>0</td>
<td>com.org.testapi.TestForSampleAPI@5972d253</td></tr>
</table><p>
<table width='100%' border='1' class='invocation-passed'>
<tr><td colspan='4' align='center'><b>PASSED TESTS</b></td></tr>
<tr><td><b>Test method</b></td>
<td width="30%"><b>Exception</b></td>
<td width="10%"><b>Time (seconds)</b></td>
<td><b>Instance</b></td>
</tr>
<tr>
<td title='com.org.testapi.TestForSampleAPI.validateForMultipleComments()'><b>validateForMultipleComments</b><br>Test class: com.org.testapi.TestForSampleAPI<br>Test method: To Check Functional behavior of /Comments Endpoint </td>
<td></td>
<td>0</td>
<td>com.org.testapi.TestForSampleAPI@5972d253</td></tr>
<tr>
<td title='com.org.testapi.TestForSampleAPI.validateForMultipleCommentsWithQueryParameter()'><b>validateForMultipleCommentsWithQueryParameter</b><br>Test class: com.org.testapi.TestForSampleAPI<br>Test method: To Check the Comments Endpoint by passing query parameter </td>
<td></td>
<td>0</td>
<td>com.org.testapi.TestForSampleAPI@5972d253</td></tr>
<tr>
<td title='com.org.testapi.TestForSampleAPI.validateJSONPlaceHolderWorkFlow()'><b>validateJSONPlaceHolderWorkFlow</b><br>Test class: com.org.testapi.TestForSampleAPI<br>Test method: To get the details of a user's Posts and comments</td>
<td></td>
<td>0</td>
<td>com.org.testapi.TestForSampleAPI@5972d253</td></tr>
<tr>
<td title='com.org.testapi.TestForSampleAPI.validateUserPostsExceptionScenarioForNonExistUser()'><b>validateUserPostsExceptionScenarioForNonExistUser</b><br>Test class: com.org.testapi.TestForSampleAPI<br>Test method: To Check Exception Scenario of / Posts Endpoint</td>
<td></td>
<td>0</td>
<td>com.org.testapi.TestForSampleAPI@5972d253</td></tr>
<tr>
<td title='com.org.testapi.TestForSampleAPI.validateCommentsExceptionsScenarioForNonExistPostId()'><b>validateCommentsExceptionsScenarioForNonExistPostId</b><br>Test class: com.org.testapi.TestForSampleAPI<br>Test method: To Check the Comments Endpoint by passing wrong Id </td>
<td></td>
<td>2</td>
<td>com.org.testapi.TestForSampleAPI@5972d253</td></tr>
<tr>
<td title='com.org.testapi.TestForSampleAPI.validateForMultiplePostsPerUserComments()'><b>validateForMultiplePostsPerUserComments</b><br>Test class: com.org.testapi.TestForSampleAPI<br>Test method: To get Multiple posts</td>
<td></td>
<td>0</td>
<td>com.org.testapi.TestForSampleAPI@5972d253</td></tr>
</table><p>
</body>
</html>